<?xml version="1.0" encoding="UTF-8"?>
<testsuites>
  <testsuite name="CodeIgniter Application Test Suite" tests="4" assertions="4" failures="0" errors="0" time="0.085173">
    <testsuite name="Welcome_test" file="/Users/zwj/server/codeigniter-test/tests/controllers/Welcome_test.php" tests="4" assertions="4" failures="0" errors="0" time="0.085173">
      <testcase name="test_index" class="Welcome_test" file="/Users/zwj/server/codeigniter-test/tests/controllers/Welcome_test.php" line="13" assertions="1" time="0.029285"/>
      <testcase name="test_method_404" class="Welcome_test" file="/Users/zwj/server/codeigniter-test/tests/controllers/Welcome_test.php" line="19" assertions="1" time="0.020278"/>
      <testcase name="test_APPPATH" class="Welcome_test" file="/Users/zwj/server/codeigniter-test/tests/controllers/Welcome_test.php" line="25" assertions="1" time="0.011399"/>
      <testcase name="test_run" class="Welcome_test" file="/Users/zwj/server/codeigniter-test/tests/controllers/Welcome_test.php" line="36" assertions="1" time="0.024211"/>
    </testsuite>
  </testsuite>
</testsuites>
